<?xml version="1.0" encoding="UTF-8"?>
<testng-results ignored="0" total="3" passed="3" failed="0" skipped="0">
  <reporter-output>
  </reporter-output>
  <suite started-at="2023-05-02T16:11:56 IST" name="Default suite" finished-at="2023-05-02T16:12:00 IST" duration-ms="4113">
    <groups>
    </groups>
    <test started-at="2023-05-02T16:11:56 IST" name="Default test" finished-at="2023-05-02T16:12:00 IST" duration-ms="4113">
      <class name="test.test1">
        <test-method is-config="true" signature="Start()[pri:0, instance:test.test1@6392827e]" started-at="2023-05-02T16:11:56 IST" name="Start" finished-at="2023-05-02T16:12:00 IST" duration-ms="3768" status="PASS">
          <reporter-output>
          </reporter-output>
        </test-method> <!-- Start -->
        <test-method signature="getTitle()[pri:0, instance:test.test1@6392827e]" started-at="2023-05-02T16:12:00 IST" name="getTitle" finished-at="2023-05-02T16:12:00 IST" duration-ms="65" status="PASS">
          <reporter-output>
          </reporter-output>
        </test-method> <!-- getTitle -->
        <test-method signature="getURL()[pri:0, instance:test.test1@6392827e]" started-at="2023-05-02T16:12:00 IST" name="getURL" finished-at="2023-05-02T16:12:00 IST" duration-ms="10" status="PASS">
          <reporter-output>
          </reporter-output>
        </test-method> <!-- getURL -->
        <test-method signature="getWindowHandle()[pri:0, instance:test.test1@6392827e]" started-at="2023-05-02T16:12:00 IST" name="getWindowHandle" finished-at="2023-05-02T16:12:00 IST" duration-ms="3" status="PASS">
          <reporter-output>
          </reporter-output>
        </test-method> <!-- getWindowHandle -->
        <test-method is-config="true" signature="End()[pri:0, instance:test.test1@6392827e]" started-at="2023-05-02T16:12:00 IST" name="End" finished-at="2023-05-02T16:12:00 IST" duration-ms="243" status="PASS">
          <reporter-output>
          </reporter-output>
        </test-method> <!-- End -->
      </class> <!-- test.test1 -->
    </test> <!-- Default test -->
  </suite> <!-- Default suite -->
</testng-results>
